<?xml version="1.0" encoding="UTF-8"?>
<!-- Generated by org.testng.reporters.JUnitReportReporter -->
<testsuite hostname="LAPTOP-735P1JK3" failures="0" tests="2" name="MysecondApp.Demo1.AppTest" time="12.069" errors="0" timestamp="2023-10-04T15:54:29 IST" skipped="0">
  <testcase classname="MysecondApp.Demo1.AppTest" name="LaunchEdge" time="12.063"/>
  <testcase classname="MysecondApp.Demo1.AppTest" name="g" time="0.006"/>
</testsuite> <!-- MysecondApp.Demo1.AppTest -->
